<?xml version="1.0" encoding="UTF-8"?>
<!-- Generated by org.testng.reporters.JUnitReportReporter -->
<testsuite hostname="DESKTOP-SBLSSJH" failures="0" tests="1" name="Com.Actitime_project.TestScript.createcust" time="14.790" errors="0" timestamp="2023-09-29T11:28:41 IST" skipped="0">
  <testcase classname="Com.Actitime_project.TestScript.createcust" name="createcustomer" time="14.790"/>
  <system-out>
    <![CDATA[Database Connected
Browser launch successfully
logged in successfully
Logout successfully
browser closed successfully]]>
  </system-out>
</testsuite> <!-- Com.Actitime_project.TestScript.createcust -->
